c:\users\adrian\desktop\inzynierka\programytestowe\lowlevelmanager\kod\lowlevelmanager_v1\x64\debug\vc142.pdb
c:\users\adrian\desktop\inzynierka\programytestowe\lowlevelmanager\kod\lowlevelmanager_v1\x64\debug\openprocesscontroller.obj
c:\users\adrian\desktop\inzynierka\programytestowe\lowlevelmanager\kod\lowlevelmanager_v1\x64\debug\mnemonicsx64.obj
c:\users\adrian\desktop\inzynierka\programytestowe\lowlevelmanager\kod\lowlevelmanager_v1\x64\debug\mainform.obj
c:\users\adrian\desktop\inzynierka\programytestowe\lowlevelmanager\kod\lowlevelmanager_v1\x64\debug\maincontroller.obj
c:\users\adrian\desktop\inzynierka\programytestowe\lowlevelmanager\kod\lowlevelmanager_v1\x64\debug\asmtokenizer.obj
c:\users\adrian\desktop\inzynierka\programytestowe\lowlevelmanager\kod\lowlevelmanager_v1\x64\debug\asmparser.obj
c:\users\adrian\desktop\inzynierka\programytestowe\lowlevelmanager\kod\lowlevelmanager_v1\x64\debug\jumpform.obj
c:\users\adrian\desktop\inzynierka\programytestowe\lowlevelmanager\kod\lowlevelmanager_v1\x64\debug\injectshellcodeform.obj
c:\users\adrian\desktop\inzynierka\programytestowe\lowlevelmanager\kod\lowlevelmanager_v1\x64\debug\injectshellcodecontroller.obj
c:\users\adrian\desktop\inzynierka\programytestowe\lowlevelmanager\kod\lowlevelmanager_v1\x64\debug\injectshellcode.obj
c:\users\adrian\desktop\inzynierka\programytestowe\lowlevelmanager\kod\lowlevelmanager_v1\x64\debug\injector.obj
c:\users\adrian\desktop\inzynierka\programytestowe\lowlevelmanager\kod\lowlevelmanager_v1\x64\debug\informationprocesscontroller.obj
c:\users\adrian\desktop\inzynierka\programytestowe\lowlevelmanager\kod\lowlevelmanager_v1\x64\debug\informationform.obj
c:\users\adrian\desktop\inzynierka\programytestowe\lowlevelmanager\kod\lowlevelmanager_v1\x64\debug\infoform.obj
c:\users\adrian\desktop\inzynierka\programytestowe\lowlevelmanager\kod\lowlevelmanager_v1\x64\debug\disassembler.obj
c:\users\adrian\desktop\inzynierka\programytestowe\lowlevelmanager\kod\lowlevelmanager_v1\x64\debug\callfunctionform.obj
c:\users\adrian\desktop\inzynierka\programytestowe\lowlevelmanager\kod\lowlevelmanager_v1\x64\debug\callfunctioncontroller.obj
c:\users\adrian\desktop\inzynierka\programytestowe\lowlevelmanager\kod\lowlevelmanager_v1\x64\debug\baseform.obj
c:\users\adrian\desktop\inzynierka\programytestowe\lowlevelmanager\kod\lowlevelmanager_v1\x64\debug\assemblerinstruction.obj
c:\users\adrian\desktop\inzynierka\programytestowe\lowlevelmanager\kod\lowlevelmanager_v1\x64\debug\assembler.obj
c:\users\adrian\desktop\inzynierka\programytestowe\lowlevelmanager\kod\lowlevelmanager_v1\x64\debug\textconverter.obj
c:\users\adrian\desktop\inzynierka\programytestowe\lowlevelmanager\kod\lowlevelmanager_v1\x64\debug\searchsignaturecontroller.obj
c:\users\adrian\desktop\inzynierka\programytestowe\lowlevelmanager\kod\lowlevelmanager_v1\x64\debug\searchsignature.obj
c:\users\adrian\desktop\inzynierka\programytestowe\lowlevelmanager\kod\lowlevelmanager_v1\x64\debug\searchingform.obj
c:\users\adrian\desktop\inzynierka\programytestowe\lowlevelmanager\kod\lowlevelmanager_v1\x64\debug\recognizefunctionform.obj
c:\users\adrian\desktop\inzynierka\programytestowe\lowlevelmanager\kod\lowlevelmanager_v1\x64\debug\recognizefunctioncontroller.obj
c:\users\adrian\desktop\inzynierka\programytestowe\lowlevelmanager\kod\lowlevelmanager_v1\x64\debug\processinstructionreader.obj
c:\users\adrian\desktop\inzynierka\programytestowe\lowlevelmanager\kod\lowlevelmanager_v1\x64\debug\processinfo.obj
c:\users\adrian\desktop\inzynierka\programytestowe\lowlevelmanager\kod\lowlevelmanager_v1\x64\debug\processfunctionstackframe.obj
c:\users\adrian\desktop\inzynierka\programytestowe\lowlevelmanager\kod\lowlevelmanager_v1\x64\debug\processfunctionreturnedvalue.obj
c:\users\adrian\desktop\inzynierka\programytestowe\lowlevelmanager\kod\lowlevelmanager_v1\x64\debug\processfunctiondao.obj
c:\users\adrian\desktop\inzynierka\programytestowe\lowlevelmanager\kod\lowlevelmanager_v1\x64\debug\processfunctionconvention.obj
c:\users\adrian\desktop\inzynierka\programytestowe\lowlevelmanager\kod\lowlevelmanager_v1\x64\debug\processfunctioncaller.obj
c:\users\adrian\desktop\inzynierka\programytestowe\lowlevelmanager\kod\lowlevelmanager_v1\x64\debug\processfunction.obj
c:\users\adrian\desktop\inzynierka\programytestowe\lowlevelmanager\kod\lowlevelmanager_v1\x64\debug\pe_hdrs_helper.obj
c:\users\adrian\desktop\inzynierka\programytestowe\lowlevelmanager\kod\lowlevelmanager_v1\x64\debug\pewrite.obj
c:\users\adrian\desktop\inzynierka\programytestowe\lowlevelmanager\kod\lowlevelmanager_v1\x64\debug\pereader.obj
c:\users\adrian\desktop\inzynierka\programytestowe\lowlevelmanager\kod\lowlevelmanager_v1\x64\debug\openprocessform.obj
c:\users\adrian\desktop\inzynierka\programytestowe\lowlevelmanager\kod\lowlevelmanager_v1\x64\debug\.netframework,version=v4.7.2.assemblyattributes.obj
c:\users\adrian\desktop\inzynierka\programytestowe\lowlevelmanager\kod\lowlevelmanager_v1\x64\debug\.netframework,version=v4.7.2.assemblyattributes.asm
c:\users\adrian\desktop\inzynierka\programytestowe\lowlevelmanager\kod\x64\debug\lowlevelmanager_v1.exe
c:\users\adrian\desktop\inzynierka\programytestowe\lowlevelmanager\kod\x64\debug\lowlevelmanager_v1.pdb
c:\users\adrian\desktop\inzynierka\programytestowe\lowlevelmanager\kod\lowlevelmanager_v1\x64\debug\lowlevelmanagerv1.callfunctionform.resources
c:\users\adrian\desktop\inzynierka\programytestowe\lowlevelmanager\kod\lowlevelmanager_v1\x64\debug\lowlevelmanagerv1.infoform.resources
c:\users\adrian\desktop\inzynierka\programytestowe\lowlevelmanager\kod\lowlevelmanager_v1\x64\debug\lowlevelmanagerv1.informationform.resources
c:\users\adrian\desktop\inzynierka\programytestowe\lowlevelmanager\kod\lowlevelmanager_v1\x64\debug\lowlevelmanagerv1.injectshellcodeform.resources
c:\users\adrian\desktop\inzynierka\programytestowe\lowlevelmanager\kod\lowlevelmanager_v1\x64\debug\lowlevelmanagerv1.jumpform.resources
c:\users\adrian\desktop\inzynierka\programytestowe\lowlevelmanager\kod\lowlevelmanager_v1\x64\debug\lowlevelmanagerv1.mainform.resources
c:\users\adrian\desktop\inzynierka\programytestowe\lowlevelmanager\kod\lowlevelmanager_v1\x64\debug\lowlevelmanagerv1.openprocessform.resources
c:\users\adrian\desktop\inzynierka\programytestowe\lowlevelmanager\kod\lowlevelmanager_v1\x64\debug\lowlevelmanagerv1.recognizefunctionform.resources
c:\users\adrian\desktop\inzynierka\programytestowe\lowlevelmanager\kod\lowlevelmanager_v1\x64\debug\lowlevelmanagerv1.searchingform.resources
c:\users\adrian\desktop\inzynierka\programytestowe\lowlevelmanager\kod\x64\debug\lowlevelmanager_v1.lib
c:\users\adrian\desktop\inzynierka\programytestowe\lowlevelmanager\kod\x64\debug\lowlevelmanager_v1.exp
c:\users\adrian\desktop\inzynierka\programytestowe\lowlevelmanager\kod\lowlevelmanager_v1\x64\debug\lowlevelmanager_v1.vcxproj.generateresource.cache
c:\users\adrian\desktop\inzynierka\programytestowe\lowlevelmanager\kod\lowlevelmanager_v1\x64\debug\lowlevelmanager_v1.vcxprojassemblyreference.cache
c:\users\adrian\desktop\inzynierka\programytestowe\lowlevelmanager\kod\lowlevelmanager_v1\x64\debug\lowlevel.fa916d7d.tlog\cl.command.1.tlog
c:\users\adrian\desktop\inzynierka\programytestowe\lowlevelmanager\kod\lowlevelmanager_v1\x64\debug\lowlevel.fa916d7d.tlog\cl.read.1.tlog
c:\users\adrian\desktop\inzynierka\programytestowe\lowlevelmanager\kod\lowlevelmanager_v1\x64\debug\lowlevel.fa916d7d.tlog\cl.write.1.tlog
c:\users\adrian\desktop\inzynierka\programytestowe\lowlevelmanager\kod\lowlevelmanager_v1\x64\debug\lowlevel.fa916d7d.tlog\link.11300.delete.1.tlog
c:\users\adrian\desktop\inzynierka\programytestowe\lowlevelmanager\kod\lowlevelmanager_v1\x64\debug\lowlevel.fa916d7d.tlog\link.13024.delete.1.tlog
c:\users\adrian\desktop\inzynierka\programytestowe\lowlevelmanager\kod\lowlevelmanager_v1\x64\debug\lowlevel.fa916d7d.tlog\link.216.delete.1.tlog
c:\users\adrian\desktop\inzynierka\programytestowe\lowlevelmanager\kod\lowlevelmanager_v1\x64\debug\lowlevel.fa916d7d.tlog\link.command.1.tlog
c:\users\adrian\desktop\inzynierka\programytestowe\lowlevelmanager\kod\lowlevelmanager_v1\x64\debug\lowlevel.fa916d7d.tlog\link.read.1.tlog
c:\users\adrian\desktop\inzynierka\programytestowe\lowlevelmanager\kod\lowlevelmanager_v1\x64\debug\lowlevel.fa916d7d.tlog\link.write.1.tlog
c:\users\adrian\desktop\inzynierka\programytestowe\lowlevelmanager\kod\lowlevelmanager_v1\x64\debug\lowlevel.fa916d7d.tlog\lowlevelmanager_v1.write.1u.tlog
c:\users\adrian\desktop\inzynierka\programytestowe\lowlevelmanager\kod\lowlevelmanager_v1\x64\debug\lowlevel.fa916d7d.tlog\metagen.read.1.tlog
c:\users\adrian\desktop\inzynierka\programytestowe\lowlevelmanager\kod\lowlevelmanager_v1\x64\debug\lowlevel.fa916d7d.tlog\metagen.write.1.tlog
